<?xml version="1.0" encoding="UTF-8"?>
<!-- Generated by org.testng.reporters.JUnitReportReporter -->
<testsuite hostname="SravanBugga" failures="0" tests="1" name="testcases.TC_001_Register" time="12.576" errors="0" timestamp="2024-06-28T19:07:14 IST" skipped="0">
  <testcase classname="testcases.TC_001_Register" name="verifyRegisterpage" time="12.576"/>
</testsuite> <!-- testcases.TC_001_Register -->
