<?xml version="1.0" encoding="UTF-8"?>
<!-- Generated by org.testng.reporters.JUnitReportReporter -->
<testsuite hostname="SravanBugga" failures="0" tests="1" name="testcases.TC_002_Login" time="1.808" errors="0" timestamp="2024-06-28T19:07:14 IST" skipped="0">
  <testcase classname="testcases.TC_002_Login" name="verifylogintest" time="1.808"/>
</testsuite> <!-- testcases.TC_002_Login -->
